<?xml version='1.0' encoding='UTF-8'?>
<testsuite hostname="laptop-aspire-vgomez" name="com.reactivebbq.loyalty.LoyaltyActorSupervisorTest" tests="2" errors="0" failures="0" skipped="0" time="0.103" timestamp="2023-01-30T11:39:45">
                     <properties>
[...]
</properties>
                     <testcase classname="com.reactivebbq.loyalty.LoyaltyActorSupervisorTest" name="Deliver should create an actor and send it the command" time="0.088">
                                                 
                                               </testcase><testcase classname="com.reactivebbq.loyalty.LoyaltyActorSupervisorTest" name="Deliver should reuse existing actors" time="0.015">
                                                 
                                               </testcase>
                     <system-out><![CDATA[]]></system-out>
                     <system-err><![CDATA[]]></system-err>
                   </testsuite>